<?xml version="1.0" encoding="UTF-8"?>
<testng-results ignored="0" total="2" passed="2" failed="0" skipped="0">
  <reporter-output>
  </reporter-output>
  <suite started-at="2022-02-24T20:01:45 IST" name="Default suite" finished-at="2022-02-24T20:01:54 IST" duration-ms="8808">
    <groups>
    </groups>
    <test started-at="2022-02-24T20:01:45 IST" name="Default test" finished-at="2022-02-24T20:01:54 IST" duration-ms="8808">
      <class name="com.rest.RequestSpecBuilderExample">
        <test-method is-config="true" signature="beforeClass()[pri:0, instance:com.rest.RequestSpecBuilderExample@223aa2f7]" started-at="2022-02-24T20:01:45 IST" name="beforeClass" finished-at="2022-02-24T20:01:46 IST" duration-ms="983" status="PASS">
          <reporter-output>
          </reporter-output>
        </test-method> <!-- beforeClass -->
        <test-method signature="validate_Status_code()[pri:0, instance:com.rest.RequestSpecBuilderExample@223aa2f7]" started-at="2022-02-24T20:01:46 IST" name="validate_Status_code" finished-at="2022-02-24T20:01:51 IST" duration-ms="5114" status="PASS">
          <reporter-output>
          </reporter-output>
        </test-method> <!-- validate_Status_code -->
        <test-method signature="validate_response_body()[pri:0, instance:com.rest.RequestSpecBuilderExample@223aa2f7]" started-at="2022-02-24T20:01:51 IST" name="validate_response_body" finished-at="2022-02-24T20:01:54 IST" duration-ms="2671" status="PASS">
          <reporter-output>
          </reporter-output>
        </test-method> <!-- validate_response_body -->
      </class> <!-- com.rest.RequestSpecBuilderExample -->
    </test> <!-- Default test -->
  </suite> <!-- Default suite -->
</testng-results>
